10:49:05.649 [main] INFO  testCases.AccountRegistrationTest - *** Starting AccountRegistrationTest ***
10:49:05.810 [main] INFO  testCases.AccountRegistrationTest - Clicked on my account link
10:49:09.678 [main] INFO  testCases.AccountRegistrationTest - Clicked on register link
10:49:12.695 [main] INFO  testCases.AccountRegistrationTest - providing customer data
10:49:27.787 [main] INFO  testCases.AccountRegistrationTest - clicked on continue
10:49:27.830 [main] ERROR testCases.AccountRegistrationTest - test failed
10:49:27.840 [main] INFO  testCases.AccountRegistrationTest - *** finished TC_OO1_AccountRegistrationTest ***
10:50:36.650 [main] INFO  testCases.AccountRegistrationTest - *** Starting AccountRegistrationTest ***
10:50:36.803 [main] INFO  testCases.AccountRegistrationTest - Clicked on my account link
10:50:40.450 [main] INFO  testCases.AccountRegistrationTest - Clicked on register link
10:50:43.452 [main] INFO  testCases.AccountRegistrationTest - providing customer data
10:50:58.435 [main] INFO  testCases.AccountRegistrationTest - clicked on continue
10:50:58.478 [main] ERROR testCases.AccountRegistrationTest - test failed
10:50:58.487 [main] INFO  testCases.AccountRegistrationTest - *** finished TC_OO1_AccountRegistrationTest ***
10:54:19.312 [main] INFO  testCases.AccountRegistrationTest - *** Starting AccountRegistrationTest ***
10:54:19.457 [main] INFO  testCases.AccountRegistrationTest - Clicked on my account link
10:54:23.245 [main] INFO  testCases.AccountRegistrationTest - Clicked on register link
10:54:26.258 [main] INFO  testCases.AccountRegistrationTest - providing customer data
10:54:40.166 [main] ERROR testCases.AccountRegistrationTest - test failed
10:54:40.178 [main] INFO  testCases.AccountRegistrationTest - *** finished TC_OO1_AccountRegistrationTest ***
10:57:34.931 [main] INFO  testCases.AccountRegistrationTest - *** Starting AccountRegistrationTest ***
10:57:35.088 [main] INFO  testCases.AccountRegistrationTest - Clicked on my account link
10:57:38.817 [main] INFO  testCases.AccountRegistrationTest - Clicked on register link
10:57:41.824 [main] INFO  testCases.AccountRegistrationTest - providing customer data
10:57:56.759 [main] INFO  testCases.AccountRegistrationTest - clicked on continue
11:00:25.226 [main] INFO  testCases.AccountRegistrationTest - *** Starting AccountRegistrationTest ***
11:00:25.384 [main] INFO  testCases.AccountRegistrationTest - Clicked on my account link
11:00:29.187 [main] INFO  testCases.AccountRegistrationTest - Clicked on register link
11:00:32.201 [main] INFO  testCases.AccountRegistrationTest - providing customer data
11:00:47.300 [main] INFO  testCases.AccountRegistrationTest - clicked on continue
11:02:53.151 [main] INFO  testCases.AccountRegistrationTest - *** Starting AccountRegistrationTest ***
11:02:53.297 [main] INFO  testCases.AccountRegistrationTest - Clicked on my account link
11:02:56.961 [main] INFO  testCases.AccountRegistrationTest - Clicked on register link
11:02:59.979 [main] INFO  testCases.AccountRegistrationTest - providing customer data
11:03:13.739 [main] ERROR testCases.AccountRegistrationTest - test failed
11:03:13.752 [main] INFO  testCases.AccountRegistrationTest - *** finished TC_OO1_AccountRegistrationTest ***
11:06:57.971 [main] INFO  testCases.AccountRegistrationTest - *** Starting AccountRegistrationTest ***
11:06:58.114 [main] INFO  testCases.AccountRegistrationTest - Clicked on my account link
11:07:01.708 [main] INFO  testCases.AccountRegistrationTest - Clicked on register link
11:07:04.720 [main] INFO  testCases.AccountRegistrationTest - providing customer data
11:07:19.716 [main] INFO  testCases.AccountRegistrationTest - clicked on continue
11:07:19.767 [main] ERROR testCases.AccountRegistrationTest - test failed
11:07:19.774 [main] INFO  testCases.AccountRegistrationTest - *** finished TC_OO1_AccountRegistrationTest ***
11:09:36.461 [main] INFO  testCases.AccountRegistrationTest - *** Starting AccountRegistrationTest ***
11:09:36.599 [main] INFO  testCases.AccountRegistrationTest - Clicked on my account link
11:09:40.490 [main] INFO  testCases.AccountRegistrationTest - Clicked on register link
11:09:43.507 [main] INFO  testCases.AccountRegistrationTest - providing customer data
11:09:57.413 [main] ERROR testCases.AccountRegistrationTest - test failed
11:09:57.424 [main] INFO  testCases.AccountRegistrationTest - *** finished TC_OO1_AccountRegistrationTest ***
11:11:40.581 [main] INFO  testCases.AccountRegistrationTest - *** Starting AccountRegistrationTest ***
11:11:40.724 [main] INFO  testCases.AccountRegistrationTest - Clicked on my account link
11:11:44.405 [main] INFO  testCases.AccountRegistrationTest - Clicked on register link
11:11:47.414 [main] INFO  testCases.AccountRegistrationTest - providing customer data
11:12:01.249 [main] ERROR testCases.AccountRegistrationTest - test failed
11:12:01.266 [main] INFO  testCases.AccountRegistrationTest - *** finished TC_OO1_AccountRegistrationTest ***
11:15:54.870 [main] INFO  testCases.AccountRegistrationTest - *** Starting AccountRegistrationTest ***
11:15:55.050 [main] INFO  testCases.AccountRegistrationTest - Clicked on my account link
11:15:58.778 [main] INFO  testCases.AccountRegistrationTest - Clicked on register link
11:16:01.787 [main] INFO  testCases.AccountRegistrationTest - providing customer data
11:16:17.762 [main] INFO  testCases.AccountRegistrationTest - clicked on continue
11:21:22.764 [main] INFO  testCases.AccountRegistrationTest - *** Starting AccountRegistrationTest ***
11:21:22.897 [main] INFO  testCases.AccountRegistrationTest - Clicked on my account link
11:21:26.593 [main] INFO  testCases.AccountRegistrationTest - Clicked on register link
11:21:29.605 [main] INFO  testCases.AccountRegistrationTest - providing customer data
11:21:44.534 [main] ERROR testCases.AccountRegistrationTest - test failed
11:21:44.542 [main] INFO  testCases.AccountRegistrationTest - *** finished TC_OO1_AccountRegistrationTest ***
11:22:27.006 [main] INFO  testCases.AccountRegistrationTest - *** Starting AccountRegistrationTest ***
11:22:27.148 [main] INFO  testCases.AccountRegistrationTest - Clicked on my account link
11:22:30.799 [main] INFO  testCases.AccountRegistrationTest - Clicked on register link
11:22:33.815 [main] INFO  testCases.AccountRegistrationTest - providing customer data
11:22:48.680 [main] ERROR testCases.AccountRegistrationTest - test failed
11:22:48.691 [main] INFO  testCases.AccountRegistrationTest - *** finished TC_OO1_AccountRegistrationTest ***
11:23:18.059 [main] INFO  testCases.AccountRegistrationTest - *** Starting AccountRegistrationTest ***
11:23:18.196 [main] INFO  testCases.AccountRegistrationTest - Clicked on my account link
11:23:21.822 [main] INFO  testCases.AccountRegistrationTest - Clicked on register link
11:23:24.834 [main] INFO  testCases.AccountRegistrationTest - providing customer data
11:23:38.690 [main] ERROR testCases.AccountRegistrationTest - test failed
11:23:38.696 [main] INFO  testCases.AccountRegistrationTest - *** finished TC_OO1_AccountRegistrationTest ***
11:31:19.775 [main] INFO  testCases.AccountRegistrationTest - *** Starting AccountRegistrationTest ***
11:31:19.950 [main] INFO  testCases.AccountRegistrationTest - Clicked on my account link
11:31:23.784 [main] INFO  testCases.AccountRegistrationTest - Clicked on register link
11:31:26.798 [main] INFO  testCases.AccountRegistrationTest - providing customer data
11:31:41.821 [main] INFO  testCases.AccountRegistrationTest - clicked on continue
11:31:42.749 [main] INFO  testCases.AccountRegistrationTest - *** finished TC_OO1_AccountRegistrationTest ***
11:34:53.385 [main] INFO  testCases.AccountRegistrationTest - *** Starting AccountRegistrationTest ***
11:34:53.560 [main] INFO  testCases.AccountRegistrationTest - Clicked on my account link
11:34:57.276 [main] INFO  testCases.AccountRegistrationTest - Clicked on register link
11:35:00.283 [main] INFO  testCases.AccountRegistrationTest - providing customer data
11:35:15.278 [main] INFO  testCases.AccountRegistrationTest - clicked on continue
11:35:16.203 [main] INFO  testCases.AccountRegistrationTest - *** finished TC_OO1_AccountRegistrationTest ***
11:36:42.373 [main] INFO  testCases.AccountRegistrationTest - *** Starting AccountRegistrationTest ***
11:36:42.556 [main] INFO  testCases.AccountRegistrationTest - Clicked on my account link
11:36:46.357 [main] INFO  testCases.AccountRegistrationTest - Clicked on register link
11:36:49.368 [main] INFO  testCases.AccountRegistrationTest - providing customer data
11:37:03.318 [main] ERROR testCases.AccountRegistrationTest - test failed
11:37:03.331 [main] INFO  testCases.AccountRegistrationTest - *** finished TC_OO1_AccountRegistrationTest ***
11:37:05.540 [main] INFO  testCases.AccountRegistrationTest - *** Starting AccountRegistrationTest ***
11:37:05.655 [main] INFO  testCases.AccountRegistrationTest - Clicked on my account link
11:37:09.236 [main] INFO  testCases.AccountRegistrationTest - Clicked on register link
11:37:12.252 [main] INFO  testCases.AccountRegistrationTest - providing customer data
11:37:27.092 [main] INFO  testCases.AccountRegistrationTest - clicked on continue
11:37:28.046 [main] INFO  testCases.AccountRegistrationTest - *** finished TC_OO1_AccountRegistrationTest ***
11:38:33.798 [main] INFO  testCases.AccountRegistrationTest - *** Starting AccountRegistrationTest ***
11:38:33.979 [main] INFO  testCases.AccountRegistrationTest - Clicked on my account link
11:38:37.590 [main] INFO  testCases.AccountRegistrationTest - Clicked on register link
11:38:40.594 [main] INFO  testCases.AccountRegistrationTest - providing customer data
11:38:54.525 [main] ERROR testCases.AccountRegistrationTest - test failed
11:38:54.531 [main] INFO  testCases.AccountRegistrationTest - *** finished TC_OO1_AccountRegistrationTest ***
11:38:56.805 [main] INFO  testCases.AccountRegistrationTest - *** Starting AccountRegistrationTest ***
11:38:56.921 [main] INFO  testCases.AccountRegistrationTest - Clicked on my account link
11:39:00.562 [main] INFO  testCases.AccountRegistrationTest - Clicked on register link
11:39:03.570 [main] INFO  testCases.AccountRegistrationTest - providing customer data
11:39:17.336 [main] ERROR testCases.AccountRegistrationTest - test failed
11:39:17.340 [main] INFO  testCases.AccountRegistrationTest - *** finished TC_OO1_AccountRegistrationTest ***
11:39:21.795 [main] INFO  testCases.AccountRegistrationTest - *** Starting AccountRegistrationTest ***
11:39:22.098 [main] INFO  testCases.AccountRegistrationTest - Clicked on my account link
11:39:25.752 [main] INFO  testCases.AccountRegistrationTest - Clicked on register link
11:39:28.757 [main] INFO  testCases.AccountRegistrationTest - providing customer data
11:39:43.616 [main] INFO  testCases.AccountRegistrationTest - clicked on continue
11:39:44.590 [main] INFO  testCases.AccountRegistrationTest - *** finished TC_OO1_AccountRegistrationTest ***
11:56:51.591 [main] INFO  testCases.AccountRegistrationTest - *** Starting AccountRegistrationTest ***
11:56:51.783 [main] INFO  testCases.AccountRegistrationTest - Clicked on my account link
11:56:55.476 [main] INFO  testCases.AccountRegistrationTest - Clicked on register link
11:56:58.483 [main] INFO  testCases.AccountRegistrationTest - providing customer data
11:57:13.621 [main] INFO  testCases.AccountRegistrationTest - clicked on continue
11:57:14.527 [main] INFO  testCases.AccountRegistrationTest - *** finished TC_OO1_AccountRegistrationTest ***
11:57:16.820 [main] INFO  testCases.AccountRegistrationTest - *** Starting AccountRegistrationTest ***
11:57:16.934 [main] INFO  testCases.AccountRegistrationTest - Clicked on my account link
11:57:20.628 [main] INFO  testCases.AccountRegistrationTest - Clicked on register link
11:57:23.639 [main] INFO  testCases.AccountRegistrationTest - providing customer data
11:57:38.534 [main] INFO  testCases.AccountRegistrationTest - clicked on continue
11:57:39.464 [main] INFO  testCases.AccountRegistrationTest - *** finished TC_OO1_AccountRegistrationTest ***
11:57:43.745 [main] INFO  testCases.AccountRegistrationTest - *** Starting AccountRegistrationTest ***
11:57:44.061 [main] INFO  testCases.AccountRegistrationTest - Clicked on my account link
11:57:47.706 [main] INFO  testCases.AccountRegistrationTest - Clicked on register link
11:57:50.708 [main] INFO  testCases.AccountRegistrationTest - providing customer data
11:58:05.513 [main] INFO  testCases.AccountRegistrationTest - clicked on continue
11:58:06.306 [main] INFO  testCases.AccountRegistrationTest - *** finished TC_OO1_AccountRegistrationTest ***
11:59:32.481 [main] INFO  testCases.AccountRegistrationTest - *** Starting AccountRegistrationTest ***
11:59:32.637 [main] INFO  testCases.AccountRegistrationTest - Clicked on my account link
11:59:36.303 [main] INFO  testCases.AccountRegistrationTest - Clicked on register link
11:59:39.314 [main] INFO  testCases.AccountRegistrationTest - providing customer data
11:59:53.191 [main] ERROR testCases.AccountRegistrationTest - test failed
11:59:53.202 [main] INFO  testCases.AccountRegistrationTest - *** finished TC_OO1_AccountRegistrationTest ***
12:12:17.931 [main] INFO  testCases.AccountRegistrationTest - *** Starting AccountRegistrationTest ***
12:12:28.027 [main] ERROR testCases.AccountRegistrationTest - test failed
12:12:28.042 [main] INFO  testCases.AccountRegistrationTest - *** finished TC_OO1_AccountRegistrationTest ***
12:13:31.493 [main] INFO  testCases.AccountRegistrationTest - *** Starting AccountRegistrationTest ***
12:13:31.638 [main] INFO  testCases.AccountRegistrationTest - Clicked on my account link
12:13:35.255 [main] INFO  testCases.AccountRegistrationTest - Clicked on register link
12:13:38.268 [main] INFO  testCases.AccountRegistrationTest - providing customer data
12:13:53.256 [main] INFO  testCases.AccountRegistrationTest - clicked on continue
12:13:54.088 [main] INFO  testCases.AccountRegistrationTest - *** finished TC_OO1_AccountRegistrationTest ***
12:21:42.867 [main] INFO  testCases.AccountRegistrationTest - *** Starting AccountRegistrationTest ***
12:21:43.019 [main] INFO  testCases.AccountRegistrationTest - Clicked on my account link
12:21:46.815 [main] INFO  testCases.AccountRegistrationTest - Clicked on register link
12:21:49.821 [main] INFO  testCases.AccountRegistrationTest - providing customer data
12:22:03.668 [main] ERROR testCases.AccountRegistrationTest - test failed
12:22:03.675 [main] INFO  testCases.AccountRegistrationTest - *** finished TC_OO1_AccountRegistrationTest ***
12:32:08.850 [main] INFO  testCases.AccountRegistrationTest - *** Starting AccountRegistrationTest ***
12:32:09.016 [main] INFO  testCases.AccountRegistrationTest - Clicked on my account link
12:32:12.732 [main] INFO  testCases.AccountRegistrationTest - Clicked on register link
12:32:15.748 [main] INFO  testCases.AccountRegistrationTest - providing customer data
12:32:31.683 [main] INFO  testCases.AccountRegistrationTest - clicked on continue
12:32:32.594 [main] INFO  testCases.AccountRegistrationTest - *** finished TC_OO1_AccountRegistrationTest ***
12:35:11.630 [main] INFO  testCases.AccountRegistrationTest - *** Starting AccountRegistrationTest ***
12:35:11.793 [main] INFO  testCases.AccountRegistrationTest - Clicked on my account link
12:35:15.578 [main] INFO  testCases.AccountRegistrationTest - Clicked on register link
12:35:18.587 [main] INFO  testCases.AccountRegistrationTest - providing customer data
12:35:33.594 [main] ERROR testCases.AccountRegistrationTest - test failed
12:35:33.606 [main] INFO  testCases.AccountRegistrationTest - *** finished TC_OO1_AccountRegistrationTest ***
12:36:53.234 [main] INFO  testCases.AccountRegistrationTest - *** Starting AccountRegistrationTest ***
12:36:53.397 [main] INFO  testCases.AccountRegistrationTest - Clicked on my account link
12:36:57.048 [main] INFO  testCases.AccountRegistrationTest - Clicked on register link
12:37:00.062 [main] INFO  testCases.AccountRegistrationTest - providing customer data
12:37:16.991 [main] INFO  testCases.AccountRegistrationTest - clicked on continue
12:39:38.392 [main] INFO  testCases.AccountRegistrationTest - *** Starting AccountRegistrationTest ***
12:39:38.536 [main] INFO  testCases.AccountRegistrationTest - Clicked on my account link
12:39:42.348 [main] INFO  testCases.AccountRegistrationTest - Clicked on register link
12:39:45.353 [main] INFO  testCases.AccountRegistrationTest - providing customer data
12:40:00.212 [main] ERROR testCases.AccountRegistrationTest - test failed
12:40:00.225 [main] INFO  testCases.AccountRegistrationTest - *** finished TC_OO1_AccountRegistrationTest ***
12:41:12.285 [main] INFO  testCases.AccountRegistrationTest - *** Starting AccountRegistrationTest ***
12:41:12.438 [main] INFO  testCases.AccountRegistrationTest - Clicked on my account link
12:41:16.114 [main] INFO  testCases.AccountRegistrationTest - Clicked on register link
12:41:19.117 [main] INFO  testCases.AccountRegistrationTest - providing customer data
12:41:35.001 [main] ERROR testCases.AccountRegistrationTest - test failed
12:41:35.015 [main] INFO  testCases.AccountRegistrationTest - *** finished TC_OO1_AccountRegistrationTest ***
12:42:27.308 [main] INFO  testCases.AccountRegistrationTest - *** Starting AccountRegistrationTest ***
12:42:27.464 [main] INFO  testCases.AccountRegistrationTest - Clicked on my account link
12:42:31.157 [main] INFO  testCases.AccountRegistrationTest - Clicked on register link
12:42:34.176 [main] INFO  testCases.AccountRegistrationTest - providing customer data
12:42:49.306 [main] INFO  testCases.AccountRegistrationTest - clicked on continue
12:42:50.219 [main] INFO  testCases.AccountRegistrationTest - *** finished TC_OO1_AccountRegistrationTest ***
13:15:08.338 [main] INFO  testCases.AccountRegistrationTest - *** Starting AccountRegistrationTest ***
13:15:08.510 [main] INFO  testCases.AccountRegistrationTest - Clicked on my account link
13:15:12.333 [main] INFO  testCases.AccountRegistrationTest - Clicked on register link
13:15:15.373 [main] INFO  testCases.AccountRegistrationTest - providing customer data
13:15:30.515 [main] INFO  testCases.AccountRegistrationTest - clicked on continue
13:15:31.421 [main] INFO  testCases.AccountRegistrationTest - *** finished TC_OO1_AccountRegistrationTest ***
13:17:15.118 [main] INFO  testCases.AccountRegistrationTest - *** Starting AccountRegistrationTest ***
13:17:15.288 [main] INFO  testCases.AccountRegistrationTest - Clicked on my account link
13:17:19.007 [main] INFO  testCases.AccountRegistrationTest - Clicked on register link
13:17:22.014 [main] INFO  testCases.AccountRegistrationTest - providing customer data
13:17:37.131 [main] INFO  testCases.AccountRegistrationTest - clicked on continue
13:17:38.130 [main] INFO  testCases.AccountRegistrationTest - *** finished TC_OO1_AccountRegistrationTest ***
13:25:31.440 [main] INFO  testCases.AccountRegistrationTest - *** Starting AccountRegistrationTest ***
13:25:31.595 [main] INFO  testCases.AccountRegistrationTest - Clicked on my account link
13:25:35.323 [main] INFO  testCases.AccountRegistrationTest - Clicked on register link
13:25:38.336 [main] INFO  testCases.AccountRegistrationTest - providing customer data
13:25:53.377 [main] INFO  testCases.AccountRegistrationTest - clicked on continue
13:25:54.259 [main] INFO  testCases.AccountRegistrationTest - *** finished TC_OO1_AccountRegistrationTest ***
13:38:49.227 [main] INFO  testCases.AccountRegistrationTest - *** Starting AccountRegistrationTest ***
13:38:49.391 [main] INFO  testCases.AccountRegistrationTest - Clicked on my account link
13:38:53.092 [main] INFO  testCases.AccountRegistrationTest - Clicked on register link
13:38:56.095 [main] INFO  testCases.AccountRegistrationTest - providing customer data
13:39:09.992 [main] ERROR testCases.AccountRegistrationTest - test failed
13:39:10.010 [main] INFO  testCases.AccountRegistrationTest - *** finished TC_OO1_AccountRegistrationTest ***
13:40:06.259 [main] INFO  testCases.AccountRegistrationTest - *** Starting AccountRegistrationTest ***
13:40:06.408 [main] INFO  testCases.AccountRegistrationTest - Clicked on my account link
13:40:10.055 [main] INFO  testCases.AccountRegistrationTest - Clicked on register link
13:40:13.062 [main] INFO  testCases.AccountRegistrationTest - providing customer data
13:40:27.897 [main] ERROR testCases.AccountRegistrationTest - test failed
13:40:27.916 [main] INFO  testCases.AccountRegistrationTest - *** finished TC_OO1_AccountRegistrationTest ***
13:41:26.725 [main] INFO  testCases.AccountRegistrationTest - *** Starting AccountRegistrationTest ***
13:41:26.883 [main] INFO  testCases.AccountRegistrationTest - Clicked on my account link
13:41:30.497 [main] INFO  testCases.AccountRegistrationTest - Clicked on register link
13:41:33.500 [main] INFO  testCases.AccountRegistrationTest - providing customer data
13:41:47.363 [main] ERROR testCases.AccountRegistrationTest - test failed
13:41:47.380 [main] INFO  testCases.AccountRegistrationTest - *** finished TC_OO1_AccountRegistrationTest ***
13:43:16.198 [main] INFO  testCases.AccountRegistrationTest - *** Starting AccountRegistrationTest ***
13:43:16.343 [main] INFO  testCases.AccountRegistrationTest - Clicked on my account link
13:43:19.982 [main] INFO  testCases.AccountRegistrationTest - Clicked on register link
13:43:22.987 [main] INFO  testCases.AccountRegistrationTest - providing customer data
13:43:39.863 [main] INFO  testCases.AccountRegistrationTest - clicked on continue
13:43:40.838 [main] INFO  testCases.AccountRegistrationTest - *** finished TC_OO1_AccountRegistrationTest ***
13:56:20.845 [main] INFO  testCases.AccountRegistrationTest - *** Starting AccountRegistrationTest ***
13:56:21.010 [main] INFO  testCases.AccountRegistrationTest - Clicked on my account link
13:56:24.814 [main] INFO  testCases.AccountRegistrationTest - Clicked on register link
13:56:27.831 [main] INFO  testCases.AccountRegistrationTest - providing customer data
13:56:44.845 [main] INFO  testCases.AccountRegistrationTest - clicked on continue
13:56:45.780 [main] INFO  testCases.AccountRegistrationTest - *** finished TC_OO1_AccountRegistrationTest ***
14:04:11.849 [main] INFO  testCases.AccountRegistrationTest - *** Starting AccountRegistrationTest ***
14:04:12.018 [main] INFO  testCases.AccountRegistrationTest - Clicked on my account link
14:04:15.737 [main] INFO  testCases.AccountRegistrationTest - Clicked on register link
14:04:18.744 [main] INFO  testCases.AccountRegistrationTest - providing customer data
14:04:34.749 [main] ERROR testCases.AccountRegistrationTest - test failed
14:04:34.771 [main] INFO  testCases.AccountRegistrationTest - *** finished TC_OO1_AccountRegistrationTest ***
14:08:36.491 [main] INFO  testCases.AccountRegistrationTest - *** Starting AccountRegistrationTest ***
14:08:36.645 [main] INFO  testCases.AccountRegistrationTest - Clicked on my account link
14:08:40.481 [main] INFO  testCases.AccountRegistrationTest - Clicked on register link
14:08:43.484 [main] INFO  testCases.AccountRegistrationTest - providing customer data
14:09:00.582 [main] INFO  testCases.AccountRegistrationTest - clicked on continue
14:09:01.580 [main] INFO  testCases.AccountRegistrationTest - *** finished TC_OO1_AccountRegistrationTest ***
14:12:43.694 [main] INFO  testCases.AccountRegistrationTest - *** Starting AccountRegistrationTest ***
14:12:43.839 [main] INFO  testCases.AccountRegistrationTest - Clicked on my account link
14:12:47.649 [main] INFO  testCases.AccountRegistrationTest - Clicked on register link
14:12:50.659 [main] INFO  testCases.AccountRegistrationTest - providing customer data
14:13:07.734 [main] INFO  testCases.AccountRegistrationTest - clicked on continue
14:13:08.700 [main] INFO  testCases.AccountRegistrationTest - *** finished TC_OO1_AccountRegistrationTest ***
14:15:29.422 [main] INFO  testCases.AccountRegistrationTest - *** Starting AccountRegistrationTest ***
14:15:29.567 [main] INFO  testCases.AccountRegistrationTest - Clicked on my account link
14:15:33.396 [main] INFO  testCases.AccountRegistrationTest - Clicked on register link
14:15:36.411 [main] INFO  testCases.AccountRegistrationTest - providing customer data
14:15:52.363 [main] ERROR testCases.AccountRegistrationTest - test failed
14:15:52.373 [main] INFO  testCases.AccountRegistrationTest - *** finished TC_OO1_AccountRegistrationTest ***
15:09:33.434 [main] INFO  testCases.AccountRegistrationTest - *** Starting AccountRegistrationTest ***
15:09:33.600 [main] INFO  testCases.AccountRegistrationTest - Clicked on my account link
15:09:37.386 [main] INFO  testCases.AccountRegistrationTest - Clicked on register link
15:09:40.395 [main] INFO  testCases.AccountRegistrationTest - providing customer data
15:09:56.249 [main] ERROR testCases.AccountRegistrationTest - test failed
15:09:56.266 [main] INFO  testCases.AccountRegistrationTest - *** finished TC_OO1_AccountRegistrationTest ***
15:18:43.110 [main] INFO  testCases.AccountRegistrationTest - *** Starting AccountRegistrationTest ***
15:18:43.298 [main] INFO  testCases.AccountRegistrationTest - Clicked on my account link
15:18:47.140 [main] INFO  testCases.AccountRegistrationTest - Clicked on register link
15:18:50.155 [main] INFO  testCases.AccountRegistrationTest - providing customer data
15:19:07.642 [main] INFO  testCases.AccountRegistrationTest - clicked on continue
15:19:08.819 [main] INFO  testCases.AccountRegistrationTest - *** finished TC_OO1_AccountRegistrationTest ***
